nohup: ignoring input

> lopl-admin-frontend@0.1.0 dev
> vite

[33mThe CJS build of Vite's Node API is deprecated. See https://vite.dev/guide/troubleshooting.html#vite-cjs-node-api-deprecated for more details.[39m

  VITE v5.4.19  ready in 128 ms

  ➜  Local:   http://localhost:5173/
  ➜  Network: use --host to expose
2:22:00 PM [vite] ✨ new dependencies optimized: @mui/icons-material
2:22:00 PM [vite] ✨ optimized dependencies changed. reloading
2:23:49 PM [vite] hmr update /src/App.tsx
2:23:49 PM [vite] hmr update /src/App.tsx
2:23:51 PM [vite] hmr update /src/App.tsx
2:24:41 PM [vite] hmr update /src/pages/DashboardPage.tsx
2:24:42 PM [vite] hmr update /src/pages/DashboardPage.tsx
2:24:43 PM [vite] hmr update /src/pages/DashboardPage.tsx
2:25:24 PM [vite] hmr update /src/pages/CallcardsPage.tsx
2:25:25 PM [vite] hmr update /src/pages/CallcardsPage.tsx
2:25:26 PM [vite] hmr update /src/pages/CallcardsPage.tsx
2:26:09 PM [vite] hmr update /src/pages/DriversPage.tsx
2:26:09 PM [vite] hmr update /src/pages/DriversPage.tsx
2:26:10 PM [vite] hmr update /src/pages/DriversPage.tsx
2:26:58 PM [vite] hmr update /src/pages/LoginPage.tsx
2:26:58 PM [vite] hmr update /src/pages/LoginPage.tsx
2:26:59 PM [vite] hmr update /src/pages/LoginPage.tsx
2:27:58 PM [vite] ✨ new dependencies optimized: @mui/material/styles
2:27:58 PM [vite] ✨ optimized dependencies changed. reloading
